<?xml version="1.0" encoding="UTF-8"?>
<!-- Generated by org.testng.reporters.JUnitReportReporter -->
<testsuite skipped="0" hostname="VAIDEHI-PC" name="day8.test.DemoGmailPageFactory" tests="2" failures="0" timestamp="09 Jan 2019 17:59:27 GMT" time="18.875" errors="0">
  <testcase name="signIn" time="1.445" classname="day8.test.DemoGmailPageFactory"/>
  <testcase name="composeMail" time="17.430" classname="day8.test.DemoGmailPageFactory"/>
</testsuite> <!-- day8.test.DemoGmailPageFactory -->
