<?xml version="1.0" encoding="UTF-8"?>
<!-- Generated by org.testng.reporters.JUnitReportReporter -->
<testsuite skipped="0" hostname="VAIDEHI-PC" name="day8.DataDriven" tests="5" failures="0" timestamp="18 Dec 2018 04:41:07 GMT" time="0.000" errors="0">
  <testcase name="printDetails" time="0.000" classname="day8.DataDriven"/>
  <testcase name="printDetails" time="0.000" classname="day8.DataDriven"/>
  <testcase name="printDetails" time="0.000" classname="day8.DataDriven"/>
  <testcase name="printDetails" time="0.000" classname="day8.DataDriven"/>
  <testcase name="printDetails" time="0.000" classname="day8.DataDriven"/>
</testsuite> <!-- day8.DataDriven -->
