<?xml version="1.0" encoding="UTF-8"?>
<!-- Generated by org.testng.reporters.JUnitReportReporter -->
<testsuite skipped="1" hostname="VAIDEHI-PC" name="day7.FirstTestNG" tests="4" failures="0" timestamp="17 Dec 2018 13:03:47 GMT" time="0.015" errors="0">
  <testcase name="testcase1" time="0.012" classname="day7.FirstTestNG"/>
  <testcase name="testcase4" time="0.001" classname="day7.FirstTestNG"/>
  <testcase name="testcase3" time="0.002" classname="day7.FirstTestNG"/>
  <testcase name="testcase2" classname="day7.FirstTestNG">
    <skipped/>
  </testcase> <!-- testcase2 -->
</testsuite> <!-- day7.FirstTestNG -->
