<?xml version="1.0" encoding="UTF-8"?>
<!-- Generated by org.testng.reporters.JUnitReportReporter -->
<testsuite skipped="0" hostname="VAIDEHI-PC" name="day8.FirstTestNG2" tests="2" failures="0" timestamp="18 Dec 2018 04:18:46 GMT" time="0.000" errors="0">
  <testcase name="testcase4" time="0.000" classname="day8.FirstTestNG2"/>
  <testcase name="testcase3" time="0.000" classname="day8.FirstTestNG2"/>
</testsuite> <!-- day8.FirstTestNG2 -->
